<?xml version="1.0" encoding="UTF-8"?>
<!-- Generated by org.testng.reporters.JUnitXMLReporter -->
<testsuite ignored="0" hostname="MCGL-20004591" failures="0" tests="4" name="Default test" time="2.64" errors="0" timestamp="2021-04-21T17:11:28 IST">
  <testcase classname="test1.testOnCourse" name="delete" time="2.162"/>
  <testcase classname="test1.testOnCourse" name="get" time="0.131"/>
  <testcase classname="test1.testOnCourse" name="post" time="0.256"/>
  <testcase classname="test1.testOnCourse" name="put" time="0.037"/>
</testsuite> <!-- Default test -->
