<?xml version="1.0" encoding="UTF-8"?>
<testng-results ignored="0" total="4" passed="4" failed="0" skipped="0">
  <reporter-output>
  </reporter-output>
  <suite started-at="2021-04-21T17:11:25 IST" name="Default suite" finished-at="2021-04-21T17:11:28 IST" duration-ms="2640">
    <groups>
    </groups>
    <test started-at="2021-04-21T17:11:25 IST" name="Default test" finished-at="2021-04-21T17:11:28 IST" duration-ms="2640">
      <class name="test1.testOnCourse">
        <test-method signature="delete()[pri:0, instance:test1.testOnCourse@2ed2d9cb]" started-at="2021-04-21T17:11:25 IST" name="delete" finished-at="2021-04-21T17:11:28 IST" duration-ms="2162" status="PASS">
          <reporter-output>
          </reporter-output>
        </test-method> <!-- delete -->
        <test-method signature="get()[pri:0, instance:test1.testOnCourse@2ed2d9cb]" started-at="2021-04-21T17:11:28 IST" name="get" finished-at="2021-04-21T17:11:28 IST" duration-ms="131" status="PASS">
          <reporter-output>
          </reporter-output>
        </test-method> <!-- get -->
        <test-method signature="post()[pri:0, instance:test1.testOnCourse@2ed2d9cb]" started-at="2021-04-21T17:11:28 IST" name="post" finished-at="2021-04-21T17:11:28 IST" duration-ms="256" status="PASS">
          <reporter-output>
          </reporter-output>
        </test-method> <!-- post -->
        <test-method signature="put()[pri:0, instance:test1.testOnCourse@2ed2d9cb]" started-at="2021-04-21T17:11:28 IST" name="put" finished-at="2021-04-21T17:11:28 IST" duration-ms="37" status="PASS">
          <reporter-output>
          </reporter-output>
        </test-method> <!-- put -->
      </class> <!-- test1.testOnCourse -->
    </test> <!-- Default test -->
  </suite> <!-- Default suite -->
</testng-results>
